{"D:\\git\\Git\\myblog\\index.js":{"path":"D:\\git\\Git\\myblog\\index.js","s":{"1":1,"2":1,"3":1,"4":1,"5":1,"6":1,"7":1,"8":1,"9":1,"10":1,"11":1,"12":1,"13":1,"14":1,"15":1,"16":1,"17":1,"18":1,"19":1,"20":8,"21":8,"22":8,"23":8,"24":1,"25":0,"26":1,"27":1,"28":1,"29":1,"30":1,"31":0,"32":0},"b":{"1":[1,0]},"f":{"1":8,"2":0,"3":0},"fnMap":{"1":{"name":"(anonymous_1)","line":106,"loc":{"start":{"line":106,"column":8},"end":{"line":106,"column":34}}},"2":{"name":"(anonymous_2)","line":118,"loc":{"start":{"line":118,"column":8},"end":{"line":118,"column":39}}},"3":{"name":"(anonymous_3)","line":160,"loc":{"start":{"line":160,"column":26},"end":{"line":160,"column":38}}}},"statementMap":{"1":{"start":{"line":55,"column":0},"end":{"line":55,"column":27}},"2":{"start":{"line":56,"column":0},"end":{"line":56,"column":33}},"3":{"start":{"line":57,"column":0},"end":{"line":57,"column":41}},"4":{"start":{"line":58,"column":0},"end":{"line":58,"column":51}},"5":{"start":{"line":59,"column":0},"end":{"line":59,"column":37}},"6":{"start":{"line":60,"column":0},"end":{"line":60,"column":47}},"7":{"start":{"line":61,"column":0},"end":{"line":61,"column":33}},"8":{"start":{"line":62,"column":0},"end":{"line":62,"column":31}},"9":{"start":{"line":63,"column":0},"end":{"line":63,"column":33}},"10":{"start":{"line":64,"column":0},"end":{"line":64,"column":48}},"11":{"start":{"line":65,"column":0},"end":{"line":65,"column":20}},"12":{"start":{"line":69,"column":0},"end":{"line":69,"column":48}},"13":{"start":{"line":71,"column":0},"end":{"line":71,"column":30}},"14":{"start":{"line":74,"column":0},"end":{"line":74,"column":56}},"15":{"start":{"line":76,"column":0},"end":{"line":85,"column":4}},"16":{"start":{"line":87,"column":0},"end":{"line":87,"column":17}},"17":{"start":{"line":90,"column":0},"end":{"line":93,"column":4}},"18":{"start":{"line":100,"column":0},"end":{"line":103,"column":2}},"19":{"start":{"line":106,"column":0},"end":{"line":111,"column":3}},"20":{"start":{"line":107,"column":2},"end":{"line":107,"column":37}},"21":{"start":{"line":108,"column":2},"end":{"line":108,"column":55}},"22":{"start":{"line":109,"column":2},"end":{"line":109,"column":51}},"23":{"start":{"line":110,"column":2},"end":{"line":110,"column":9}},"24":{"start":{"line":118,"column":0},"end":{"line":122,"column":3}},"25":{"start":{"line":119,"column":2},"end":{"line":121,"column":5}},"26":{"start":{"line":129,"column":0},"end":{"line":139,"column":4}},"27":{"start":{"line":141,"column":0},"end":{"line":141,"column":12}},"28":{"start":{"line":143,"column":0},"end":{"line":153,"column":4}},"29":{"start":{"line":156,"column":0},"end":{"line":163,"column":1}},"30":{"start":{"line":157,"column":2},"end":{"line":157,"column":23}},"31":{"start":{"line":160,"column":2},"end":{"line":162,"column":5}},"32":{"start":{"line":161,"column":4},"end":{"line":161,"column":64}}},"branchMap":{"1":{"line":156,"type":"if","locations":[{"start":{"line":156,"column":0},"end":{"line":156,"column":0}},{"start":{"line":156,"column":0},"end":{"line":156,"column":0}}]}}},"D:\\git\\Git\\myblog\\config\\default.js":{"path":"D:\\git\\Git\\myblog\\config\\default.js","s":{"1":1},"b":{},"f":{},"fnMap":{},"statementMap":{"1":{"start":{"line":1,"column":0},"end":{"line":9,"column":2}}},"branchMap":{}},"D:\\git\\Git\\myblog\\routes\\index.js":{"path":"D:\\git\\Git\\myblog\\routes\\index.js","s":{"1":1,"2":1,"3":0,"4":1,"5":1,"6":1,"7":1,"8":1,"9":7,"10":0},"b":{"1":[0,7]},"f":{"1":1,"2":0,"3":7},"fnMap":{"1":{"name":"(anonymous_1)","line":21,"loc":{"start":{"line":21,"column":17},"end":{"line":21,"column":32}}},"2":{"name":"(anonymous_2)","line":22,"loc":{"start":{"line":22,"column":15},"end":{"line":22,"column":35}}},"3":{"name":"(anonymous_3)","line":30,"loc":{"start":{"line":30,"column":10},"end":{"line":30,"column":30}}}},"statementMap":{"1":{"start":{"line":21,"column":0},"end":{"line":35,"column":2}},"2":{"start":{"line":22,"column":2},"end":{"line":24,"column":5}},"3":{"start":{"line":23,"column":4},"end":{"line":23,"column":27}},"4":{"start":{"line":25,"column":2},"end":{"line":25,"column":42}},"5":{"start":{"line":26,"column":2},"end":{"line":26,"column":42}},"6":{"start":{"line":27,"column":2},"end":{"line":27,"column":44}},"7":{"start":{"line":28,"column":2},"end":{"line":28,"column":40}},"8":{"start":{"line":30,"column":2},"end":{"line":34,"column":5}},"9":{"start":{"line":31,"column":4},"end":{"line":33,"column":5}},"10":{"start":{"line":32,"column":6},"end":{"line":32,"column":24}}},"branchMap":{"1":{"line":31,"type":"if","locations":[{"start":{"line":31,"column":4},"end":{"line":31,"column":4}},{"start":{"line":31,"column":4},"end":{"line":31,"column":4}}]}}},"D:\\git\\Git\\myblog\\routes\\signup.js":{"path":"D:\\git\\Git\\myblog\\routes\\signup.js","s":{"1":1,"2":1,"3":1,"4":1,"5":1,"6":1,"7":1,"8":3,"9":1,"10":4,"11":4,"12":4,"13":4,"14":4,"15":4,"16":4,"17":4,"18":1,"19":3,"20":1,"21":2,"22":0,"23":2,"24":0,"25":2,"26":0,"27":2,"28":0,"29":2,"30":2,"31":2,"32":2,"33":2,"34":1,"35":1,"36":1,"37":1,"38":1,"39":1,"40":1,"41":1,"42":0,"43":1},"b":{"1":[1,3],"2":[4,3],"3":[1,2],"4":[0,2],"5":[2,2],"6":[0,2],"7":[0,2],"8":[0,2],"9":[1,0]},"f":{"1":3,"2":4,"3":1,"4":1},"fnMap":{"1":{"name":"(anonymous_1)","line":29,"loc":{"start":{"line":29,"column":31},"end":{"line":29,"column":56}}},"2":{"name":"(anonymous_2)","line":34,"loc":{"start":{"line":34,"column":32},"end":{"line":34,"column":57}}},"3":{"name":"(anonymous_3)","line":80,"loc":{"start":{"line":80,"column":10},"end":{"line":80,"column":28}}},"4":{"name":"(anonymous_4)","line":91,"loc":{"start":{"line":91,"column":11},"end":{"line":91,"column":24}}}},"statementMap":{"1":{"start":{"line":20,"column":0},"end":{"line":20,"column":27}},"2":{"start":{"line":21,"column":0},"end":{"line":21,"column":27}},"3":{"start":{"line":22,"column":0},"end":{"line":22,"column":33}},"4":{"start":{"line":23,"column":0},"end":{"line":23,"column":30}},"5":{"start":{"line":25,"column":0},"end":{"line":25,"column":43}},"6":{"start":{"line":26,"column":0},"end":{"line":26,"column":66}},"7":{"start":{"line":29,"column":0},"end":{"line":31,"column":3}},"8":{"start":{"line":30,"column":2},"end":{"line":30,"column":23}},"9":{"start":{"line":34,"column":0},"end":{"line":99,"column":3}},"10":{"start":{"line":35,"column":2},"end":{"line":35,"column":29}},"11":{"start":{"line":36,"column":2},"end":{"line":36,"column":33}},"12":{"start":{"line":37,"column":2},"end":{"line":37,"column":27}},"13":{"start":{"line":38,"column":2},"end":{"line":38,"column":59}},"14":{"start":{"line":39,"column":2},"end":{"line":39,"column":37}},"15":{"start":{"line":40,"column":2},"end":{"line":40,"column":41}},"16":{"start":{"line":43,"column":2},"end":{"line":65,"column":3}},"17":{"start":{"line":44,"column":4},"end":{"line":46,"column":5}},"18":{"start":{"line":45,"column":6},"end":{"line":45,"column":41}},"19":{"start":{"line":47,"column":4},"end":{"line":49,"column":5}},"20":{"start":{"line":48,"column":6},"end":{"line":48,"column":39}},"21":{"start":{"line":50,"column":4},"end":{"line":52,"column":5}},"22":{"start":{"line":51,"column":6},"end":{"line":51,"column":43}},"23":{"start":{"line":53,"column":4},"end":{"line":55,"column":5}},"24":{"start":{"line":54,"column":6},"end":{"line":54,"column":30}},"25":{"start":{"line":56,"column":4},"end":{"line":58,"column":5}},"26":{"start":{"line":57,"column":6},"end":{"line":57,"column":36}},"27":{"start":{"line":59,"column":4},"end":{"line":61,"column":5}},"28":{"start":{"line":60,"column":6},"end":{"line":60,"column":35}},"29":{"start":{"line":63,"column":4},"end":{"line":63,"column":34}},"30":{"start":{"line":64,"column":4},"end":{"line":64,"column":35}},"31":{"start":{"line":68,"column":2},"end":{"line":68,"column":28}},"32":{"start":{"line":71,"column":2},"end":{"line":77,"column":4}},"33":{"start":{"line":79,"column":2},"end":{"line":98,"column":7}},"34":{"start":{"line":82,"column":6},"end":{"line":82,"column":27}},"35":{"start":{"line":84,"column":6},"end":{"line":84,"column":27}},"36":{"start":{"line":85,"column":6},"end":{"line":85,"column":30}},"37":{"start":{"line":87,"column":6},"end":{"line":87,"column":35}},"38":{"start":{"line":89,"column":6},"end":{"line":89,"column":29}},"39":{"start":{"line":93,"column":6},"end":{"line":96,"column":7}},"40":{"start":{"line":94,"column":8},"end":{"line":94,"column":38}},"41":{"start":{"line":95,"column":8},"end":{"line":95,"column":39}},"42":{"start":{"line":97,"column":6},"end":{"line":97,"column":14}},"43":{"start":{"line":101,"column":0},"end":{"line":101,"column":24}}},"branchMap":{"1":{"line":44,"type":"if","locations":[{"start":{"line":44,"column":4},"end":{"line":44,"column":4}},{"start":{"line":44,"column":4},"end":{"line":44,"column":4}}]},"2":{"line":44,"type":"binary-expr","locations":[{"start":{"line":44,"column":10},"end":{"line":44,"column":26}},{"start":{"line":44,"column":30},"end":{"line":44,"column":47}}]},"3":{"line":47,"type":"if","locations":[{"start":{"line":47,"column":4},"end":{"line":47,"column":4}},{"start":{"line":47,"column":4},"end":{"line":47,"column":4}}]},"4":{"line":50,"type":"if","locations":[{"start":{"line":50,"column":4},"end":{"line":50,"column":4}},{"start":{"line":50,"column":4},"end":{"line":50,"column":4}}]},"5":{"line":50,"type":"binary-expr","locations":[{"start":{"line":50,"column":10},"end":{"line":50,"column":25}},{"start":{"line":50,"column":29},"end":{"line":50,"column":45}}]},"6":{"line":53,"type":"if","locations":[{"start":{"line":53,"column":4},"end":{"line":53,"column":4}},{"start":{"line":53,"column":4},"end":{"line":53,"column":4}}]},"7":{"line":56,"type":"if","locations":[{"start":{"line":56,"column":4},"end":{"line":56,"column":4}},{"start":{"line":56,"column":4},"end":{"line":56,"column":4}}]},"8":{"line":59,"type":"if","locations":[{"start":{"line":59,"column":4},"end":{"line":59,"column":4}},{"start":{"line":59,"column":4},"end":{"line":59,"column":4}}]},"9":{"line":93,"type":"if","locations":[{"start":{"line":93,"column":6},"end":{"line":93,"column":6}},{"start":{"line":93,"column":6},"end":{"line":93,"column":6}}]}}},"D:\\git\\Git\\myblog\\models\\users.js":{"path":"D:\\git\\Git\\myblog\\models\\users.js","s":{"1":1,"2":1,"3":2,"4":0},"b":{},"f":{"1":2,"2":0},"fnMap":{"1":{"name":"create","line":5,"loc":{"start":{"line":5,"column":10},"end":{"line":5,"column":32}}},"2":{"name":"getUserByName","line":10,"loc":{"start":{"line":10,"column":17},"end":{"line":10,"column":46}}}},"statementMap":{"1":{"start":{"line":1,"column":0},"end":{"line":1,"column":40}},"2":{"start":{"line":3,"column":0},"end":{"line":16,"column":2}},"3":{"start":{"line":6,"column":4},"end":{"line":6,"column":36}},"4":{"start":{"line":11,"column":4},"end":{"line":14,"column":14}}},"branchMap":{}},"D:\\git\\Git\\myblog\\lib\\mongo.js":{"path":"D:\\git\\Git\\myblog\\lib\\mongo.js","s":{"1":1,"2":1,"3":1,"4":1,"5":1,"6":1,"7":1,"8":1,"9":1,"10":1,"11":2,"12":1,"13":0,"14":0,"15":0,"16":1,"17":1,"18":1,"19":1,"20":1},"b":{"1":[0,0]},"f":{"1":1,"2":2,"3":0},"fnMap":{"1":{"name":"(anonymous_1)","line":22,"loc":{"start":{"line":22,"column":13},"end":{"line":22,"column":32}}},"2":{"name":"(anonymous_2)","line":23,"loc":{"start":{"line":23,"column":20},"end":{"line":23,"column":36}}},"3":{"name":"(anonymous_3)","line":28,"loc":{"start":{"line":28,"column":16},"end":{"line":28,"column":34}}}},"statementMap":{"1":{"start":{"line":1,"column":0},"end":{"line":1,"column":36}},"2":{"start":{"line":2,"column":0},"end":{"line":2,"column":37}},"3":{"start":{"line":3,"column":0},"end":{"line":3,"column":32}},"4":{"start":{"line":4,"column":0},"end":{"line":4,"column":31}},"5":{"start":{"line":5,"column":0},"end":{"line":5,"column":59}},"6":{"start":{"line":6,"column":0},"end":{"line":6,"column":34}},"7":{"start":{"line":8,"column":0},"end":{"line":14,"column":3}},"8":{"start":{"line":15,"column":0},"end":{"line":15,"column":57}},"9":{"start":{"line":21,"column":0},"end":{"line":34,"column":3}},"10":{"start":{"line":23,"column":4},"end":{"line":25,"column":7}},"11":{"start":{"line":24,"column":6},"end":{"line":24,"column":89}},"12":{"start":{"line":26,"column":4},"end":{"line":26,"column":19}},"13":{"start":{"line":29,"column":4},"end":{"line":31,"column":5}},"14":{"start":{"line":30,"column":6},"end":{"line":30,"column":93}},"15":{"start":{"line":32,"column":4},"end":{"line":32,"column":18}},"16":{"start":{"line":37,"column":0},"end":{"line":42,"column":3}},"17":{"start":{"line":43,"column":0},"end":{"line":43,"column":50}},"18":{"start":{"line":47,"column":0},"end":{"line":51,"column":3}},"19":{"start":{"line":52,"column":0},"end":{"line":52,"column":52}},"20":{"start":{"line":53,"column":0},"end":{"line":53,"column":52}}},"branchMap":{"1":{"line":29,"type":"if","locations":[{"start":{"line":29,"column":4},"end":{"line":29,"column":4}},{"start":{"line":29,"column":4},"end":{"line":29,"column":4}}]}}},"D:\\git\\Git\\myblog\\middlewares\\check.js":{"path":"D:\\git\\Git\\myblog\\middlewares\\check.js","s":{"1":1,"2":0,"3":0,"4":0,"5":0,"6":7,"7":0,"8":0,"9":7},"b":{"1":[0,0],"2":[0,7]},"f":{"1":0,"2":7},"fnMap":{"1":{"name":"checkLogin","line":2,"loc":{"start":{"line":2,"column":14},"end":{"line":2,"column":50}}},"2":{"name":"checkNotLogin","line":10,"loc":{"start":{"line":10,"column":17},"end":{"line":10,"column":56}}}},"statementMap":{"1":{"start":{"line":1,"column":0},"end":{"line":17,"column":2}},"2":{"start":{"line":3,"column":4},"end":{"line":6,"column":5}},"3":{"start":{"line":4,"column":6},"end":{"line":4,"column":32}},"4":{"start":{"line":5,"column":6},"end":{"line":5,"column":37}},"5":{"start":{"line":7,"column":4},"end":{"line":7,"column":11}},"6":{"start":{"line":11,"column":4},"end":{"line":14,"column":5}},"7":{"start":{"line":12,"column":6},"end":{"line":12,"column":32}},"8":{"start":{"line":13,"column":6},"end":{"line":13,"column":34}},"9":{"start":{"line":15,"column":4},"end":{"line":15,"column":11}}},"branchMap":{"1":{"line":3,"type":"if","locations":[{"start":{"line":3,"column":4},"end":{"line":3,"column":4}},{"start":{"line":3,"column":4},"end":{"line":3,"column":4}}]},"2":{"line":11,"type":"if","locations":[{"start":{"line":11,"column":4},"end":{"line":11,"column":4}},{"start":{"line":11,"column":4},"end":{"line":11,"column":4}}]}}},"D:\\git\\Git\\myblog\\routes\\signin.js":{"path":"D:\\git\\Git\\myblog\\routes\\signin.js","s":{"1":1,"2":1,"3":1,"4":1,"5":1,"6":1,"7":0,"8":1,"9":0,"10":0,"11":0,"12":0,"13":0,"14":0,"15":0,"16":0,"17":0,"18":0,"19":0,"20":0,"21":0,"22":1},"b":{"1":[0,0],"2":[0,0]},"f":{"1":0,"2":0,"3":0},"fnMap":{"1":{"name":"(anonymous_1)","line":9,"loc":{"start":{"line":9,"column":31},"end":{"line":9,"column":56}}},"2":{"name":"(anonymous_2)","line":14,"loc":{"start":{"line":14,"column":32},"end":{"line":14,"column":57}}},"3":{"name":"(anonymous_3)","line":19,"loc":{"start":{"line":19,"column":10},"end":{"line":19,"column":26}}}},"statementMap":{"1":{"start":{"line":1,"column":0},"end":{"line":1,"column":27}},"2":{"start":{"line":2,"column":0},"end":{"line":2,"column":33}},"3":{"start":{"line":3,"column":0},"end":{"line":3,"column":30}},"4":{"start":{"line":5,"column":0},"end":{"line":5,"column":43}},"5":{"start":{"line":6,"column":0},"end":{"line":6,"column":66}},"6":{"start":{"line":9,"column":0},"end":{"line":11,"column":3}},"7":{"start":{"line":10,"column":2},"end":{"line":10,"column":23}},"8":{"start":{"line":14,"column":0},"end":{"line":37,"column":3}},"9":{"start":{"line":15,"column":2},"end":{"line":15,"column":29}},"10":{"start":{"line":16,"column":2},"end":{"line":16,"column":37}},"11":{"start":{"line":18,"column":2},"end":{"line":36,"column":17}},"12":{"start":{"line":20,"column":6},"end":{"line":23,"column":7}},"13":{"start":{"line":21,"column":8},"end":{"line":21,"column":36}},"14":{"start":{"line":22,"column":8},"end":{"line":22,"column":36}},"15":{"start":{"line":25,"column":6},"end":{"line":28,"column":7}},"16":{"start":{"line":26,"column":8},"end":{"line":26,"column":39}},"17":{"start":{"line":27,"column":8},"end":{"line":27,"column":36}},"18":{"start":{"line":29,"column":6},"end":{"line":29,"column":35}},"19":{"start":{"line":31,"column":6},"end":{"line":31,"column":27}},"20":{"start":{"line":32,"column":6},"end":{"line":32,"column":30}},"21":{"start":{"line":34,"column":6},"end":{"line":34,"column":29}},"22":{"start":{"line":39,"column":0},"end":{"line":39,"column":24}}},"branchMap":{"1":{"line":20,"type":"if","locations":[{"start":{"line":20,"column":6},"end":{"line":20,"column":6}},{"start":{"line":20,"column":6},"end":{"line":20,"column":6}}]},"2":{"line":25,"type":"if","locations":[{"start":{"line":25,"column":6},"end":{"line":25,"column":6}},{"start":{"line":25,"column":6},"end":{"line":25,"column":6}}]}}},"D:\\git\\Git\\myblog\\routes\\signout.js":{"path":"D:\\git\\Git\\myblog\\routes\\signout.js","s":{"1":1,"2":1,"3":1,"4":1,"5":0,"6":0,"7":0,"8":1},"b":{},"f":{"1":0},"fnMap":{"1":{"name":"(anonymous_1)","line":19,"loc":{"start":{"line":19,"column":28},"end":{"line":19,"column":53}}}},"statementMap":{"1":{"start":{"line":13,"column":0},"end":{"line":13,"column":33}},"2":{"start":{"line":14,"column":0},"end":{"line":14,"column":30}},"3":{"start":{"line":16,"column":0},"end":{"line":16,"column":60}},"4":{"start":{"line":19,"column":0},"end":{"line":25,"column":3}},"5":{"start":{"line":21,"column":2},"end":{"line":21,"column":26}},"6":{"start":{"line":22,"column":2},"end":{"line":22,"column":31}},"7":{"start":{"line":24,"column":2},"end":{"line":24,"column":25}},"8":{"start":{"line":27,"column":0},"end":{"line":27,"column":24}}},"branchMap":{}},"D:\\git\\Git\\myblog\\routes\\posts.js":{"path":"D:\\git\\Git\\myblog\\routes\\posts.js","s":{"1":1,"2":1,"3":1,"4":1,"5":1,"6":1,"7":1,"8":1,"9":1,"10":1,"11":0,"12":1,"13":0,"14":0,"15":0,"16":0,"17":0,"18":0,"19":0,"20":0,"21":0,"22":0,"23":0,"24":0,"25":0,"26":0,"27":0,"28":1,"29":0,"30":1,"31":0,"32":0,"33":0,"34":0,"35":0,"36":0,"37":0,"38":1,"39":0,"40":0,"41":0,"42":0,"43":0,"44":0,"45":0,"46":0,"47":1,"48":0,"49":0,"50":0,"51":0,"52":0,"53":0,"54":0,"55":1,"56":0,"57":0,"58":0,"59":0,"60":0,"61":1,"62":0,"63":0,"64":0,"65":0,"66":0,"67":0,"68":0,"69":1,"70":0,"71":0,"72":0,"73":0,"74":0,"75":1},"b":{"1":[0,0],"2":[0,0],"3":[0,0],"4":[0,0],"5":[0,0]},"f":{"1":1,"2":1,"3":0,"4":0,"5":0,"6":0,"7":0,"8":0,"9":0,"10":0,"11":0,"12":0,"13":0,"14":0,"15":0,"16":0,"17":0,"18":0},"fnMap":{"1":{"name":"(anonymous_1)","line":19,"loc":{"start":{"line":19,"column":16},"end":{"line":19,"column":41}}},"2":{"name":"(anonymous_2)","line":23,"loc":{"start":{"line":23,"column":10},"end":{"line":23,"column":27}}},"3":{"name":"(anonymous_3)","line":31,"loc":{"start":{"line":31,"column":34},"end":{"line":31,"column":59}}},"4":{"name":"(anonymous_4)","line":36,"loc":{"start":{"line":36,"column":29},"end":{"line":36,"column":54}}},"5":{"name":"(anonymous_5)","line":62,"loc":{"start":{"line":62,"column":10},"end":{"line":62,"column":28}}},"6":{"name":"(anonymous_6)","line":75,"loc":{"start":{"line":75,"column":29},"end":{"line":75,"column":54}}},"7":{"name":"(anonymous_7)","line":81,"loc":{"start":{"line":81,"column":23},"end":{"line":81,"column":48}}},"8":{"name":"(anonymous_8)","line":89,"loc":{"start":{"line":89,"column":8},"end":{"line":89,"column":26}}},"9":{"name":"(anonymous_9)","line":119,"loc":{"start":{"line":119,"column":40},"end":{"line":119,"column":65}}},"10":{"name":"(anonymous_10)","line":124,"loc":{"start":{"line":124,"column":10},"end":{"line":124,"column":26}}},"11":{"name":"(anonymous_11)","line":139,"loc":{"start":{"line":139,"column":41},"end":{"line":139,"column":66}}},"12":{"name":"(anonymous_12)","line":146,"loc":{"start":{"line":146,"column":10},"end":{"line":146,"column":22}}},"13":{"name":"(anonymous_13)","line":155,"loc":{"start":{"line":155,"column":42},"end":{"line":155,"column":67}}},"14":{"name":"(anonymous_14)","line":160,"loc":{"start":{"line":160,"column":10},"end":{"line":160,"column":22}}},"15":{"name":"(anonymous_15)","line":170,"loc":{"start":{"line":170,"column":44},"end":{"line":170,"column":69}}},"16":{"name":"(anonymous_16)","line":181,"loc":{"start":{"line":181,"column":10},"end":{"line":181,"column":22}}},"17":{"name":"(anonymous_17)","line":190,"loc":{"start":{"line":190,"column":61},"end":{"line":190,"column":86}}},"18":{"name":"(anonymous_18)","line":195,"loc":{"start":{"line":195,"column":10},"end":{"line":195,"column":22}}}},"statementMap":{"1":{"start":{"line":1,"column":0},"end":{"line":1,"column":33}},"2":{"start":{"line":2,"column":0},"end":{"line":2,"column":30}},"3":{"start":{"line":4,"column":0},"end":{"line":4,"column":60}},"4":{"start":{"line":5,"column":0},"end":{"line":5,"column":43}},"5":{"start":{"line":6,"column":0},"end":{"line":6,"column":49}},"6":{"start":{"line":19,"column":0},"end":{"line":29,"column":3}},"7":{"start":{"line":20,"column":2},"end":{"line":20,"column":32}},"8":{"start":{"line":22,"column":2},"end":{"line":28,"column":17}},"9":{"start":{"line":24,"column":6},"end":{"line":26,"column":9}},"10":{"start":{"line":31,"column":0},"end":{"line":33,"column":3}},"11":{"start":{"line":32,"column":2},"end":{"line":32,"column":23}},"12":{"start":{"line":36,"column":0},"end":{"line":70,"column":3}},"13":{"start":{"line":37,"column":2},"end":{"line":37,"column":36}},"14":{"start":{"line":38,"column":2},"end":{"line":38,"column":31}},"15":{"start":{"line":39,"column":2},"end":{"line":39,"column":35}},"16":{"start":{"line":42,"column":2},"end":{"line":52,"column":3}},"17":{"start":{"line":43,"column":4},"end":{"line":45,"column":5}},"18":{"start":{"line":44,"column":6},"end":{"line":44,"column":31}},"19":{"start":{"line":46,"column":4},"end":{"line":48,"column":5}},"20":{"start":{"line":47,"column":6},"end":{"line":47,"column":31}},"21":{"start":{"line":50,"column":4},"end":{"line":50,"column":34}},"22":{"start":{"line":51,"column":4},"end":{"line":51,"column":32}},"23":{"start":{"line":54,"column":2},"end":{"line":59,"column":4}},"24":{"start":{"line":61,"column":2},"end":{"line":69,"column":17}},"25":{"start":{"line":64,"column":6},"end":{"line":64,"column":27}},"26":{"start":{"line":65,"column":6},"end":{"line":65,"column":35}},"27":{"start":{"line":67,"column":6},"end":{"line":67,"column":41}},"28":{"start":{"line":75,"column":0},"end":{"line":77,"column":3}},"29":{"start":{"line":76,"column":2},"end":{"line":76,"column":24}},"30":{"start":{"line":81,"column":0},"end":{"line":102,"column":3}},"31":{"start":{"line":82,"column":2},"end":{"line":82,"column":33}},"32":{"start":{"line":84,"column":2},"end":{"line":101,"column":15}},"33":{"start":{"line":90,"column":4},"end":{"line":90,"column":25}},"34":{"start":{"line":91,"column":4},"end":{"line":91,"column":29}},"35":{"start":{"line":92,"column":4},"end":{"line":94,"column":5}},"36":{"start":{"line":93,"column":6},"end":{"line":93,"column":32}},"37":{"start":{"line":96,"column":4},"end":{"line":99,"column":7}},"38":{"start":{"line":119,"column":0},"end":{"line":136,"column":3}},"39":{"start":{"line":120,"column":2},"end":{"line":120,"column":33}},"40":{"start":{"line":121,"column":2},"end":{"line":121,"column":36}},"41":{"start":{"line":123,"column":2},"end":{"line":135,"column":17}},"42":{"start":{"line":125,"column":6},"end":{"line":127,"column":7}},"43":{"start":{"line":126,"column":8},"end":{"line":126,"column":34}},"44":{"start":{"line":128,"column":6},"end":{"line":130,"column":7}},"45":{"start":{"line":129,"column":8},"end":{"line":129,"column":32}},"46":{"start":{"line":131,"column":6},"end":{"line":133,"column":9}},"47":{"start":{"line":139,"column":0},"end":{"line":152,"column":3}},"48":{"start":{"line":140,"column":2},"end":{"line":140,"column":33}},"49":{"start":{"line":141,"column":2},"end":{"line":141,"column":36}},"50":{"start":{"line":142,"column":2},"end":{"line":142,"column":31}},"51":{"start":{"line":143,"column":2},"end":{"line":143,"column":35}},"52":{"start":{"line":145,"column":2},"end":{"line":151,"column":17}},"53":{"start":{"line":147,"column":6},"end":{"line":147,"column":37}},"54":{"start":{"line":149,"column":6},"end":{"line":149,"column":39}},"55":{"start":{"line":155,"column":0},"end":{"line":166,"column":3}},"56":{"start":{"line":156,"column":2},"end":{"line":156,"column":33}},"57":{"start":{"line":157,"column":2},"end":{"line":157,"column":36}},"58":{"start":{"line":159,"column":2},"end":{"line":165,"column":17}},"59":{"start":{"line":161,"column":6},"end":{"line":161,"column":37}},"60":{"start":{"line":163,"column":6},"end":{"line":163,"column":29}},"61":{"start":{"line":170,"column":0},"end":{"line":187,"column":3}},"62":{"start":{"line":171,"column":2},"end":{"line":171,"column":36}},"63":{"start":{"line":172,"column":2},"end":{"line":172,"column":33}},"64":{"start":{"line":173,"column":2},"end":{"line":173,"column":35}},"65":{"start":{"line":174,"column":2},"end":{"line":178,"column":4}},"66":{"start":{"line":180,"column":2},"end":{"line":186,"column":17}},"67":{"start":{"line":182,"column":6},"end":{"line":182,"column":35}},"68":{"start":{"line":184,"column":6},"end":{"line":184,"column":27}},"69":{"start":{"line":190,"column":0},"end":{"line":201,"column":3}},"70":{"start":{"line":191,"column":2},"end":{"line":191,"column":39}},"71":{"start":{"line":192,"column":2},"end":{"line":192,"column":36}},"72":{"start":{"line":194,"column":2},"end":{"line":200,"column":17}},"73":{"start":{"line":196,"column":6},"end":{"line":196,"column":37}},"74":{"start":{"line":198,"column":6},"end":{"line":198,"column":27}},"75":{"start":{"line":204,"column":0},"end":{"line":204,"column":24}}},"branchMap":{"1":{"line":43,"type":"if","locations":[{"start":{"line":43,"column":4},"end":{"line":43,"column":4}},{"start":{"line":43,"column":4},"end":{"line":43,"column":4}}]},"2":{"line":46,"type":"if","locations":[{"start":{"line":46,"column":4},"end":{"line":46,"column":4}},{"start":{"line":46,"column":4},"end":{"line":46,"column":4}}]},"3":{"line":92,"type":"if","locations":[{"start":{"line":92,"column":4},"end":{"line":92,"column":4}},{"start":{"line":92,"column":4},"end":{"line":92,"column":4}}]},"4":{"line":125,"type":"if","locations":[{"start":{"line":125,"column":6},"end":{"line":125,"column":6}},{"start":{"line":125,"column":6},"end":{"line":125,"column":6}}]},"5":{"line":128,"type":"if","locations":[{"start":{"line":128,"column":6},"end":{"line":128,"column":6}},{"start":{"line":128,"column":6},"end":{"line":128,"column":6}}]}}},"D:\\git\\Git\\myblog\\models\\posts.js":{"path":"D:\\git\\Git\\myblog\\models\\posts.js","s":{"1":1,"2":1,"3":1,"4":1,"5":1,"6":2,"7":2,"8":2,"9":0,"10":0,"11":0,"12":0,"13":0,"14":1,"15":1,"16":2,"17":2,"18":0,"19":0,"20":0,"21":1,"22":0,"23":0,"24":1,"25":1,"26":0,"27":1,"28":0,"29":0,"30":0,"31":0,"32":0,"33":0},"b":{"1":[0,0],"2":[0,0],"3":[0,1],"4":[0,0],"5":[0,0]},"f":{"1":1,"2":2,"3":2,"4":0,"5":0,"6":1,"7":2,"8":0,"9":0,"10":0,"11":1,"12":0,"13":0,"14":0,"15":0,"16":0},"fnMap":{"1":{"name":"(anonymous_1)","line":12,"loc":{"start":{"line":12,"column":13},"end":{"line":12,"column":30}}},"2":{"name":"(anonymous_2)","line":13,"loc":{"start":{"line":13,"column":33},"end":{"line":13,"column":49}}},"3":{"name":"(anonymous_3)","line":14,"loc":{"start":{"line":14,"column":58},"end":{"line":14,"column":83}}},"4":{"name":"(anonymous_4)","line":20,"loc":{"start":{"line":20,"column":16},"end":{"line":20,"column":32}}},"5":{"name":"(anonymous_5)","line":22,"loc":{"start":{"line":22,"column":58},"end":{"line":22,"column":75}}},"6":{"name":"(anonymous_6)","line":33,"loc":{"start":{"line":33,"column":13},"end":{"line":33,"column":30}}},"7":{"name":"(anonymous_7)","line":34,"loc":{"start":{"line":34,"column":21},"end":{"line":34,"column":37}}},"8":{"name":"(anonymous_8)","line":39,"loc":{"start":{"line":39,"column":16},"end":{"line":39,"column":32}}},"9":{"name":"create","line":49,"loc":{"start":{"line":49,"column":10},"end":{"line":49,"column":32}}},"10":{"name":"getPostById","line":54,"loc":{"start":{"line":54,"column":15},"end":{"line":54,"column":44}}},"11":{"name":"getPosts","line":65,"loc":{"start":{"line":65,"column":12},"end":{"line":65,"column":38}}},"12":{"name":"incPv","line":81,"loc":{"start":{"line":81,"column":9},"end":{"line":81,"column":32}}},"13":{"name":"getRawPostById","line":88,"loc":{"start":{"line":88,"column":20},"end":{"line":88,"column":52}}},"14":{"name":"updatePostById","line":96,"loc":{"start":{"line":96,"column":20},"end":{"line":96,"column":66}}},"15":{"name":"delPostById","line":102,"loc":{"start":{"line":102,"column":17},"end":{"line":102,"column":54}}},"16":{"name":"(anonymous_16)","line":105,"loc":{"start":{"line":105,"column":14},"end":{"line":105,"column":29}}}},"statementMap":{"1":{"start":{"line":1,"column":0},"end":{"line":1,"column":31}},"2":{"start":{"line":2,"column":0},"end":{"line":2,"column":40}},"3":{"start":{"line":8,"column":0},"end":{"line":8,"column":41}},"4":{"start":{"line":11,"column":0},"end":{"line":29,"column":3}},"5":{"start":{"line":13,"column":4},"end":{"line":18,"column":8}},"6":{"start":{"line":14,"column":6},"end":{"line":17,"column":9}},"7":{"start":{"line":15,"column":8},"end":{"line":15,"column":43}},"8":{"start":{"line":16,"column":8},"end":{"line":16,"column":20}},"9":{"start":{"line":21,"column":4},"end":{"line":26,"column":5}},"10":{"start":{"line":22,"column":6},"end":{"line":25,"column":9}},"11":{"start":{"line":23,"column":8},"end":{"line":23,"column":35}},"12":{"start":{"line":24,"column":8},"end":{"line":24,"column":20}},"13":{"start":{"line":27,"column":4},"end":{"line":27,"column":16}},"14":{"start":{"line":32,"column":0},"end":{"line":45,"column":3}},"15":{"start":{"line":34,"column":4},"end":{"line":37,"column":7}},"16":{"start":{"line":35,"column":6},"end":{"line":35,"column":42}},"17":{"start":{"line":36,"column":6},"end":{"line":36,"column":18}},"18":{"start":{"line":40,"column":4},"end":{"line":42,"column":5}},"19":{"start":{"line":41,"column":6},"end":{"line":41,"column":42}},"20":{"start":{"line":43,"column":4},"end":{"line":43,"column":16}},"21":{"start":{"line":47,"column":0},"end":{"line":112,"column":2}},"22":{"start":{"line":50,"column":4},"end":{"line":50,"column":36}},"23":{"start":{"line":55,"column":4},"end":{"line":61,"column":14}},"24":{"start":{"line":66,"column":4},"end":{"line":66,"column":19}},"25":{"start":{"line":67,"column":4},"end":{"line":69,"column":5}},"26":{"start":{"line":68,"column":6},"end":{"line":68,"column":28}},"27":{"start":{"line":70,"column":4},"end":{"line":77,"column":14}},"28":{"start":{"line":82,"column":4},"end":{"line":84,"column":14}},"29":{"start":{"line":89,"column":4},"end":{"line":92,"column":16}},"30":{"start":{"line":97,"column":4},"end":{"line":97,"column":79}},"31":{"start":{"line":103,"column":4},"end":{"line":110,"column":11}},"32":{"start":{"line":107,"column":8},"end":{"line":109,"column":9}},"33":{"start":{"line":108,"column":12},"end":{"line":108,"column":60}}},"branchMap":{"1":{"line":21,"type":"if","locations":[{"start":{"line":21,"column":4},"end":{"line":21,"column":4}},{"start":{"line":21,"column":4},"end":{"line":21,"column":4}}]},"2":{"line":40,"type":"if","locations":[{"start":{"line":40,"column":4},"end":{"line":40,"column":4}},{"start":{"line":40,"column":4},"end":{"line":40,"column":4}}]},"3":{"line":67,"type":"if","locations":[{"start":{"line":67,"column":4},"end":{"line":67,"column":4}},{"start":{"line":67,"column":4},"end":{"line":67,"column":4}}]},"4":{"line":107,"type":"if","locations":[{"start":{"line":107,"column":8},"end":{"line":107,"column":8}},{"start":{"line":107,"column":8},"end":{"line":107,"column":8}}]},"5":{"line":107,"type":"binary-expr","locations":[{"start":{"line":107,"column":12},"end":{"line":107,"column":25}},{"start":{"line":107,"column":29},"end":{"line":107,"column":45}}]}}},"D:\\git\\Git\\myblog\\models\\comments.js":{"path":"D:\\git\\Git\\myblog\\models\\comments.js","s":{"1":1,"2":1,"3":1,"4":0,"5":0,"6":0,"7":1,"8":0,"9":0,"10":0,"11":0,"12":2},"b":{},"f":{"1":0,"2":0,"3":0,"4":0,"5":0,"6":0,"7":2},"fnMap":{"1":{"name":"(anonymous_1)","line":6,"loc":{"start":{"line":6,"column":13},"end":{"line":6,"column":33}}},"2":{"name":"(anonymous_2)","line":7,"loc":{"start":{"line":7,"column":24},"end":{"line":7,"column":43}}},"3":{"name":"create","line":16,"loc":{"start":{"line":16,"column":10},"end":{"line":16,"column":35}}},"4":{"name":"delCommentById","line":21,"loc":{"start":{"line":21,"column":18},"end":{"line":21,"column":61}}},"5":{"name":"delCommentsByPostId","line":26,"loc":{"start":{"line":26,"column":23},"end":{"line":26,"column":60}}},"6":{"name":"getComments","line":31,"loc":{"start":{"line":31,"column":15},"end":{"line":31,"column":44}}},"7":{"name":"getCommentsCount","line":42,"loc":{"start":{"line":42,"column":20},"end":{"line":42,"column":54}}}},"statementMap":{"1":{"start":{"line":1,"column":0},"end":{"line":1,"column":31}},"2":{"start":{"line":2,"column":0},"end":{"line":2,"column":46}},"3":{"start":{"line":5,"column":0},"end":{"line":12,"column":3}},"4":{"start":{"line":7,"column":4},"end":{"line":10,"column":7}},"5":{"start":{"line":8,"column":6},"end":{"line":8,"column":48}},"6":{"start":{"line":9,"column":6},"end":{"line":9,"column":21}},"7":{"start":{"line":14,"column":0},"end":{"line":45,"column":2}},"8":{"start":{"line":17,"column":4},"end":{"line":17,"column":42}},"9":{"start":{"line":22,"column":4},"end":{"line":22,"column":69}},"10":{"start":{"line":27,"column":4},"end":{"line":27,"column":53}},"11":{"start":{"line":32,"column":4},"end":{"line":38,"column":14}},"12":{"start":{"line":43,"column":4},"end":{"line":43,"column":52}}},"branchMap":{}}}