TN:
SF:D:\git\Git\myblog\index.js
FN:106,(anonymous_1)
FN:118,(anonymous_2)
FN:160,(anonymous_3)
FNF:3
FNH:1
FNDA:8,(anonymous_1)
FNDA:0,(anonymous_2)
FNDA:0,(anonymous_3)
DA:55,1
DA:56,1
DA:57,1
DA:58,1
DA:59,1
DA:60,1
DA:61,1
DA:62,1
DA:63,1
DA:64,1
DA:65,1
DA:69,1
DA:71,1
DA:74,1
DA:76,1
DA:87,1
DA:90,1
DA:100,1
DA:106,1
DA:107,8
DA:108,8
DA:109,8
DA:110,8
DA:118,1
DA:119,0
DA:129,1
DA:141,1
DA:143,1
DA:156,1
DA:157,1
DA:160,0
DA:161,0
LF:32
LH:29
BRDA:156,1,0,1
BRDA:156,1,1,0
BRF:2
BRH:1
end_of_record
TN:
SF:D:\git\Git\myblog\config\default.js
FNF:0
FNH:0
DA:1,1
LF:1
LH:1
BRF:0
BRH:0
end_of_record
TN:
SF:D:\git\Git\myblog\routes\index.js
FN:21,(anonymous_1)
FN:22,(anonymous_2)
FN:30,(anonymous_3)
FNF:3
FNH:2
FNDA:1,(anonymous_1)
FNDA:0,(anonymous_2)
FNDA:7,(anonymous_3)
DA:21,1
DA:22,1
DA:23,0
DA:25,1
DA:26,1
DA:27,1
DA:28,1
DA:30,1
DA:31,7
DA:32,0
LF:10
LH:8
BRDA:31,1,0,0
BRDA:31,1,1,7
BRF:2
BRH:1
end_of_record
TN:
SF:D:\git\Git\myblog\routes\signup.js
FN:29,(anonymous_1)
FN:34,(anonymous_2)
FN:80,(anonymous_3)
FN:91,(anonymous_4)
FNF:4
FNH:4
FNDA:3,(anonymous_1)
FNDA:4,(anonymous_2)
FNDA:1,(anonymous_3)
FNDA:1,(anonymous_4)
DA:20,1
DA:21,1
DA:22,1
DA:23,1
DA:25,1
DA:26,1
DA:29,1
DA:30,3
DA:34,1
DA:35,4
DA:36,4
DA:37,4
DA:38,4
DA:39,4
DA:40,4
DA:43,4
DA:44,4
DA:45,1
DA:47,3
DA:48,1
DA:50,2
DA:51,0
DA:53,2
DA:54,0
DA:56,2
DA:57,0
DA:59,2
DA:60,0
DA:63,2
DA:64,2
DA:68,2
DA:71,2
DA:79,2
DA:82,1
DA:84,1
DA:85,1
DA:87,1
DA:89,1
DA:93,1
DA:94,1
DA:95,1
DA:97,0
DA:101,1
LF:43
LH:38
BRDA:44,1,0,1
BRDA:44,1,1,3
BRDA:44,2,0,4
BRDA:44,2,1,3
BRDA:47,3,0,1
BRDA:47,3,1,2
BRDA:50,4,0,0
BRDA:50,4,1,2
BRDA:50,5,0,2
BRDA:50,5,1,2
BRDA:53,6,0,0
BRDA:53,6,1,2
BRDA:56,7,0,0
BRDA:56,7,1,2
BRDA:59,8,0,0
BRDA:59,8,1,2
BRDA:93,9,0,1
BRDA:93,9,1,0
BRF:18
BRH:13
end_of_record
TN:
SF:D:\git\Git\myblog\models\users.js
FN:5,create
FN:10,getUserByName
FNF:2
FNH:1
FNDA:2,create
FNDA:0,getUserByName
DA:1,1
DA:3,1
DA:6,2
DA:11,0
LF:4
LH:3
BRF:0
BRH:0
end_of_record
TN:
SF:D:\git\Git\myblog\lib\mongo.js
FN:22,(anonymous_1)
FN:23,(anonymous_2)
FN:28,(anonymous_3)
FNF:3
FNH:2
FNDA:1,(anonymous_1)
FNDA:2,(anonymous_2)
FNDA:0,(anonymous_3)
DA:1,1
DA:2,1
DA:3,1
DA:4,1
DA:5,1
DA:6,1
DA:8,1
DA:15,1
DA:21,1
DA:23,1
DA:24,2
DA:26,1
DA:29,0
DA:30,0
DA:32,0
DA:37,1
DA:43,1
DA:47,1
DA:52,1
DA:53,1
LF:20
LH:17
BRDA:29,1,0,0
BRDA:29,1,1,0
BRF:2
BRH:0
end_of_record
TN:
SF:D:\git\Git\myblog\middlewares\check.js
FN:2,checkLogin
FN:10,checkNotLogin
FNF:2
FNH:1
FNDA:0,checkLogin
FNDA:7,checkNotLogin
DA:1,1
DA:3,0
DA:4,0
DA:5,0
DA:7,0
DA:11,7
DA:12,0
DA:13,0
DA:15,7
LF:9
LH:3
BRDA:3,1,0,0
BRDA:3,1,1,0
BRDA:11,2,0,0
BRDA:11,2,1,7
BRF:4
BRH:1
end_of_record
TN:
SF:D:\git\Git\myblog\routes\signin.js
FN:9,(anonymous_1)
FN:14,(anonymous_2)
FN:19,(anonymous_3)
FNF:3
FNH:0
FNDA:0,(anonymous_1)
FNDA:0,(anonymous_2)
FNDA:0,(anonymous_3)
DA:1,1
DA:2,1
DA:3,1
DA:5,1
DA:6,1
DA:9,1
DA:10,0
DA:14,1
DA:15,0
DA:16,0
DA:18,0
DA:20,0
DA:21,0
DA:22,0
DA:25,0
DA:26,0
DA:27,0
DA:29,0
DA:31,0
DA:32,0
DA:34,0
DA:39,1
LF:22
LH:8
BRDA:20,1,0,0
BRDA:20,1,1,0
BRDA:25,2,0,0
BRDA:25,2,1,0
BRF:4
BRH:0
end_of_record
TN:
SF:D:\git\Git\myblog\routes\signout.js
FN:19,(anonymous_1)
FNF:1
FNH:0
FNDA:0,(anonymous_1)
DA:13,1
DA:14,1
DA:16,1
DA:19,1
DA:21,0
DA:22,0
DA:24,0
DA:27,1
LF:8
LH:5
BRF:0
BRH:0
end_of_record
TN:
SF:D:\git\Git\myblog\routes\posts.js
FN:19,(anonymous_1)
FN:23,(anonymous_2)
FN:31,(anonymous_3)
FN:36,(anonymous_4)
FN:62,(anonymous_5)
FN:75,(anonymous_6)
FN:81,(anonymous_7)
FN:89,(anonymous_8)
FN:119,(anonymous_9)
FN:124,(anonymous_10)
FN:139,(anonymous_11)
FN:146,(anonymous_12)
FN:155,(anonymous_13)
FN:160,(anonymous_14)
FN:170,(anonymous_15)
FN:181,(anonymous_16)
FN:190,(anonymous_17)
FN:195,(anonymous_18)
FNF:18
FNH:2
FNDA:1,(anonymous_1)
FNDA:1,(anonymous_2)
FNDA:0,(anonymous_3)
FNDA:0,(anonymous_4)
FNDA:0,(anonymous_5)
FNDA:0,(anonymous_6)
FNDA:0,(anonymous_7)
FNDA:0,(anonymous_8)
FNDA:0,(anonymous_9)
FNDA:0,(anonymous_10)
FNDA:0,(anonymous_11)
FNDA:0,(anonymous_12)
FNDA:0,(anonymous_13)
FNDA:0,(anonymous_14)
FNDA:0,(anonymous_15)
FNDA:0,(anonymous_16)
FNDA:0,(anonymous_17)
FNDA:0,(anonymous_18)
DA:1,1
DA:2,1
DA:4,1
DA:5,1
DA:6,1
DA:19,1
DA:20,1
DA:22,1
DA:24,1
DA:31,1
DA:32,0
DA:36,1
DA:37,0
DA:38,0
DA:39,0
DA:42,0
DA:43,0
DA:44,0
DA:46,0
DA:47,0
DA:50,0
DA:51,0
DA:54,0
DA:61,0
DA:64,0
DA:65,0
DA:67,0
DA:75,1
DA:76,0
DA:81,1
DA:82,0
DA:84,0
DA:90,0
DA:91,0
DA:92,0
DA:93,0
DA:96,0
DA:119,1
DA:120,0
DA:121,0
DA:123,0
DA:125,0
DA:126,0
DA:128,0
DA:129,0
DA:131,0
DA:139,1
DA:140,0
DA:141,0
DA:142,0
DA:143,0
DA:145,0
DA:147,0
DA:149,0
DA:155,1
DA:156,0
DA:157,0
DA:159,0
DA:161,0
DA:163,0
DA:170,1
DA:171,0
DA:172,0
DA:173,0
DA:174,0
DA:180,0
DA:182,0
DA:184,0
DA:190,1
DA:191,0
DA:192,0
DA:194,0
DA:196,0
DA:198,0
DA:204,1
LF:75
LH:19
BRDA:43,1,0,0
BRDA:43,1,1,0
BRDA:46,2,0,0
BRDA:46,2,1,0
BRDA:92,3,0,0
BRDA:92,3,1,0
BRDA:125,4,0,0
BRDA:125,4,1,0
BRDA:128,5,0,0
BRDA:128,5,1,0
BRF:10
BRH:0
end_of_record
TN:
SF:D:\git\Git\myblog\models\posts.js
FN:12,(anonymous_1)
FN:13,(anonymous_2)
FN:14,(anonymous_3)
FN:20,(anonymous_4)
FN:22,(anonymous_5)
FN:33,(anonymous_6)
FN:34,(anonymous_7)
FN:39,(anonymous_8)
FN:49,create
FN:54,getPostById
FN:65,getPosts
FN:81,incPv
FN:88,getRawPostById
FN:96,updatePostById
FN:102,delPostById
FN:105,(anonymous_16)
FNF:16
FNH:6
FNDA:1,(anonymous_1)
FNDA:2,(anonymous_2)
FNDA:2,(anonymous_3)
FNDA:0,(anonymous_4)
FNDA:0,(anonymous_5)
FNDA:1,(anonymous_6)
FNDA:2,(anonymous_7)
FNDA:0,(anonymous_8)
FNDA:0,create
FNDA:0,getPostById
FNDA:1,getPosts
FNDA:0,incPv
FNDA:0,getRawPostById
FNDA:0,updatePostById
FNDA:0,delPostById
FNDA:0,(anonymous_16)
DA:1,1
DA:2,1
DA:8,1
DA:11,1
DA:13,1
DA:14,2
DA:15,2
DA:16,2
DA:21,0
DA:22,0
DA:23,0
DA:24,0
DA:27,0
DA:32,1
DA:34,1
DA:35,2
DA:36,2
DA:40,0
DA:41,0
DA:43,0
DA:47,1
DA:50,0
DA:55,0
DA:66,1
DA:67,1
DA:68,0
DA:70,1
DA:82,0
DA:89,0
DA:97,0
DA:103,0
DA:107,0
DA:108,0
LF:33
LH:16
BRDA:21,1,0,0
BRDA:21,1,1,0
BRDA:40,2,0,0
BRDA:40,2,1,0
BRDA:67,3,0,0
BRDA:67,3,1,1
BRDA:107,4,0,0
BRDA:107,4,1,0
BRDA:107,5,0,0
BRDA:107,5,1,0
BRF:10
BRH:1
end_of_record
TN:
SF:D:\git\Git\myblog\models\comments.js
FN:6,(anonymous_1)
FN:7,(anonymous_2)
FN:16,create
FN:21,delCommentById
FN:26,delCommentsByPostId
FN:31,getComments
FN:42,getCommentsCount
FNF:7
FNH:1
FNDA:0,(anonymous_1)
FNDA:0,(anonymous_2)
FNDA:0,create
FNDA:0,delCommentById
FNDA:0,delCommentsByPostId
FNDA:0,getComments
FNDA:2,getCommentsCount
DA:1,1
DA:2,1
DA:5,1
DA:7,0
DA:8,0
DA:9,0
DA:14,1
DA:17,0
DA:22,0
DA:27,0
DA:32,0
DA:43,2
LF:12
LH:5
BRF:0
BRH:0
end_of_record
